Using pre-set license
Built from '2022.2/staging' branch; Version is '2022.2.5f1 (551d45108343) revision 5578053'; Using compiler version '192829333'; Build Type 'Release'
OS: 'Windows 11  (10.0.22621) 64bit Core' Language: 'pt' Physical Memory: 24428 MB
BatchMode: 1, IsHumanControllingUs: 0, StartBugReporterOnCrash: 0, Is64bit: 1, IsPro: 1

COMMAND LINE ARGUMENTS:
C:\Program Files\Unity\Hub\Editor\2022.2.5f1\Editor\Unity.exe
-adb2
-batchMode
-noUpm
-name
AssetImportWorker3
-projectPath
D:/PUI_GAME
-logFile
Logs/AssetImportWorker3.log
-srvPort
54877
Successfully changed project path to: D:/PUI_GAME
D:/PUI_GAME
[UnityMemory] Configuration Parameters - Can be set up in boot.config
    "memorysetup-bucket-allocator-granularity=16"
    "memorysetup-bucket-allocator-bucket-count=8"
    "memorysetup-bucket-allocator-block-size=33554432"
    "memorysetup-bucket-allocator-block-count=8"
    "memorysetup-main-allocator-block-size=16777216"
    "memorysetup-thread-allocator-block-size=16777216"
    "memorysetup-gfx-main-allocator-block-size=16777216"
    "memorysetup-gfx-thread-allocator-block-size=16777216"
    "memorysetup-cache-allocator-block-size=4194304"
    "memorysetup-typetree-allocator-block-size=2097152"
    "memorysetup-profiler-bucket-allocator-granularity=16"
    "memorysetup-profiler-bucket-allocator-bucket-count=8"
    "memorysetup-profiler-bucket-allocator-block-size=33554432"
    "memorysetup-profiler-bucket-allocator-block-count=8"
    "memorysetup-profiler-allocator-block-size=16777216"
    "memorysetup-profiler-editor-allocator-block-size=1048576"
    "memorysetup-temp-allocator-size-main=16777216"
    "memorysetup-job-temp-allocator-block-size=2097152"
    "memorysetup-job-temp-allocator-block-size-background=1048576"
    "memorysetup-job-temp-allocator-reduction-small-platforms=262144"
    "memorysetup-temp-allocator-size-background-worker=32768"
    "memorysetup-temp-allocator-size-job-worker=262144"
    "memorysetup-temp-allocator-size-preload-manager=33554432"
    "memorysetup-temp-allocator-size-nav-mesh-worker=65536"
    "memorysetup-temp-allocator-size-audio-worker=65536"
    "memorysetup-temp-allocator-size-cloud-worker=32768"
    "memorysetup-temp-allocator-size-gi-baking-worker=262144"
    "memorysetup-temp-allocator-size-gfx=262144"
Player connection [477140] Host "[IP] 192.168.1.13 [Port] 0 [Flags] 2 [Guid] 4257005093 [EditorId] 4257005093 [Version] 1048832 [Id] WindowsEditor(7,DESKTOP-QOQVB13) [Debug] 1 [PackageName] WindowsEditor [ProjectName] Editor" joined multi-casting on [225.0.0.222:54997]...

Player connection [477140] Host "[IP] 192.168.1.13 [Port] 0 [Flags] 2 [Guid] 4257005093 [EditorId] 4257005093 [Version] 1048832 [Id] WindowsEditor(7,DESKTOP-QOQVB13) [Debug] 1 [PackageName] WindowsEditor [ProjectName] Editor" joined alternative multi-casting on [225.0.0.222:34997]...

Refreshing native plugins compatible for Editor in 56.58 ms, found 3 plugins.
Preloading 0 native plugins for Editor in 0.00 ms.
Initialize engine version: 2022.2.5f1 (551d45108343)
[Subsystems] Discovering subsystems at path C:/Program Files/Unity/Hub/Editor/2022.2.5f1/Editor/Data/Resources/UnitySubsystems
[Subsystems] Discovering subsystems at path D:/PUI_GAME/Assets
GfxDevice: creating device client; threaded=0; jobified=0
Direct3D:
    Version:  Direct3D 11.0 [level 11.1]
    Renderer: NVIDIA GeForce RTX 3060 Laptop GPU (ID=0x2560)
    Vendor:   NVIDIA
    VRAM:     6009 MB
    Driver:   31.0.15.3141
Initialize mono
Mono path[0] = 'C:/Program Files/Unity/Hub/Editor/2022.2.5f1/Editor/Data/Managed'
Mono path[1] = 'C:/Program Files/Unity/Hub/Editor/2022.2.5f1/Editor/Data/MonoBleedingEdge/lib/mono/unityjit-win32'
Mono config path = 'C:/Program Files/Unity/Hub/Editor/2022.2.5f1/Editor/Data/MonoBleedingEdge/etc'
Using monoOptions --debugger-agent=transport=dt_socket,embedding=1,server=y,suspend=n,address=127.0.0.1:56864
Begin MonoManager ReloadAssembly
Registering precompiled unity dll's ...
Register platform support module: C:/Program Files/Unity/Hub/Editor/2022.2.5f1/Editor/Data/PlaybackEngines/AndroidPlayer/UnityEditor.Android.Extensions.dll
Register platform support module: C:/Program Files/Unity/Hub/Editor/2022.2.5f1/Editor/Data/PlaybackEngines/WindowsStandaloneSupport/UnityEditor.WindowsStandalone.Extensions.dll
Registered in 0.013053 seconds.
- Loaded All Assemblies, in  0.452 seconds
Native extension for WindowsStandalone target not found
Native extension for Android target not found
Android Extension - Scanning For ADB Devices 742 ms
Mono: successfully reloaded assembly
- Finished resetting the current domain, in  1.101 seconds
Domain Reload Profiling:
	ReloadAssembly (267ms)
		BeginReloadAssembly (108ms)
			ExecutionOrderSort (0ms)
			DisableScriptedObjects (0ms)
			BackupInstance (0ms)
			ReleaseScriptingObjects (0ms)
			CreateAndSetChildDomain (1ms)
		LoadAllAssembliesAndSetupDomain (0ms)
			LoadAssemblies (103ms)
			RebuildTransferFunctionScriptingTraits (0ms)
			SetupTypeCache (166ms)
				TypeCache.Initialize (166ms)
					TypeCache.ScanAssembly (164ms)
				ResolveRequiredComponents (1ms)
		FinalizeReload (0ms)
			ReleaseScriptCaches (0ms)
			RebuildScriptCaches (0ms)
			SetupLoadedEditorAssemblies (1034ms)
				LogAssemblyErrors (0ms)
				InitializePlatformSupportModulesInManaged (862ms)
				SetLoadedEditorAssemblies (4ms)
				RefreshPlugins (0ms)
				BeforeProcessingInitializeOnLoad (1ms)
				ProcessInitializeOnLoadAttributes (117ms)
				ProcessInitializeOnLoadMethodAttributes (51ms)
				AfterProcessingInitializeOnLoad (0ms)
				EditorAssembliesLoaded (0ms)
			ExecutionOrderSort2 (0ms)
			AwakeInstancesAfterBackupRestoration (0ms)
========================================================================
Worker process is ready to serve import requests
Begin MonoManager ReloadAssembly
- Loaded All Assemblies, in  1.743 seconds
Refreshing native plugins compatible for Editor in 5.48 ms, found 3 plugins.
Native extension for WindowsStandalone target not found
Native extension for Android target not found
[MODES] ModeService[none].Initialize
[MODES] ModeService[none].LoadModes
[MODES] Loading mode Default (0) for mode-current-id-PUI ASSIGNMENT #2
Mono: successfully reloaded assembly
- Finished resetting the current domain, in  1.576 seconds
Domain Reload Profiling:
	ReloadAssembly (350ms)
		BeginReloadAssembly (196ms)
			ExecutionOrderSort (0ms)
			DisableScriptedObjects (10ms)
			BackupInstance (0ms)
			ReleaseScriptingObjects (0ms)
			CreateAndSetChildDomain (39ms)
		LoadAllAssembliesAndSetupDomain (1387ms)
			LoadAssemblies (417ms)
			RebuildTransferFunctionScriptingTraits (0ms)
			SetupTypeCache (1041ms)
				TypeCache.Initialize (546ms)
					TypeCache.ScanAssembly (537ms)
				ResolveRequiredComponents (21ms)
		FinalizeReload (0ms)
			ReleaseScriptCaches (0ms)
			RebuildScriptCaches (0ms)
			SetupLoadedEditorAssemblies (1215ms)
				LogAssemblyErrors (0ms)
				InitializePlatformSupportModulesInManaged (40ms)
				SetLoadedEditorAssemblies (8ms)
				RefreshPlugins (0ms)
				BeforeProcessingInitializeOnLoad (159ms)
				ProcessInitializeOnLoadAttributes (583ms)
				ProcessInitializeOnLoadMethodAttributes (414ms)
				AfterProcessingInitializeOnLoad (11ms)
				EditorAssembliesLoaded (0ms)
			ExecutionOrderSort2 (0ms)
			AwakeInstancesAfterBackupRestoration (8ms)
Launched and connected shader compiler UnityShaderCompiler.exe after 0.05 seconds
Refreshing native plugins compatible for Editor in 3.07 ms, found 3 plugins.
Preloading 0 native plugins for Editor in 0.00 ms.
Unloading 8641 Unused Serialized files (Serialized files now loaded: 0)
Unloading 31 unused Assets / (364.8 KB). Loaded Objects now: 9111.
Memory consumption went from 1.29 GB to 1.29 GB.
Total: 5.603400 ms (FindLiveObjects: 0.740300 ms CreateObjectMapping: 0.825200 ms MarkObjects: 3.792900 ms  DeleteObjects: 0.243800 ms)

AssetImportParameters requested are different than current active one (requested -> active):
  custom:container-demuxer-ogg: 62fdf1f143b41e24485cea50d1cbac27 -> 
  custom:framework-win-MediaFoundation: 216162199b28c13a410421893ffa2e32 -> 
  custom:container-muxer-webm: aa71ff27fc2769a1b78a27578f13a17b -> 
  custom:video-decoder-webm-vp8: 9c59270c3fd7afecdb556c50c9e8de78 -> 
  custom:AudioImporter_EditorPlatform: d09bf68614088b80899f8185d706f6e7 -> 
  custom:audio-decoder-ogg-vorbis: bf7c407c2cedff20999df2af8eb42d56 -> 
  custom:audio-encoder-webm-vorbis: bf7c407c2cedff20999df2af8eb42d56 -> 
  custom:video-decoder-ogg-theora: a1e56fd34408186e4bbccfd4996cb3dc -> 
  custom:container-demuxer-webm: 4f35f7cbe854078d1ac9338744f61a02 -> 
  custom:video-encoder-webm-vp8: eb34c28f22e8b96e1ab97ce403110664 -> 
========================================================================
Received Import Request.
  Time since last request: 219346.564866 seconds.
  path: Assets/Acorn Bringer Assets/Simplistic Low Poly Nature/Prefabs/SCharacter_Butterfly.prefab
  artifactKey: Guid(18b8af6b3106d4940a5e534dc18c0344) Importer(815301076,1909f56bfc062723c751e8b465ee728b)
Start importing Assets/Acorn Bringer Assets/Simplistic Low Poly Nature/Prefabs/SCharacter_Butterfly.prefab using Guid(18b8af6b3106d4940a5e534dc18c0344) Importer(815301076,1909f56bfc062723c751e8b465ee728b)  -> (artifact id: 'ea2d63c87d74eeac17b158213413eafa') in 0.468418 seconds 
Number of updated asset objects reloaded before import = 0
Number of asset objects unloaded after import = 31
========================================================================
Received Import Request.
  Time since last request: 15.087789 seconds.
  path: Assets/Game Design/Prefabs/Objects/Tutorial Objects/ToyCube/Light Up.mat
  artifactKey: Guid(c9716b2ca04d54d40911445307ed7cdf) Importer(815301076,1909f56bfc062723c751e8b465ee728b)
Start importing Assets/Game Design/Prefabs/Objects/Tutorial Objects/ToyCube/Light Up.mat using Guid(c9716b2ca04d54d40911445307ed7cdf) Importer(815301076,1909f56bfc062723c751e8b465ee728b)  -> (artifact id: '2bc25a3490c059c97f09bf4d2dad2ce1') in 0.050382 seconds 
Number of updated asset objects reloaded before import = 0
Number of asset objects unloaded after import = 2
========================================================================
Received Import Request.
  Time since last request: 0.000024 seconds.
  path: Assets/POLYGON city pack/Meshes,textures/Shops_FBX/Materials/light_add.mat
  artifactKey: Guid(499f15bfbea7b2349b1ba113efe2df98) Importer(815301076,1909f56bfc062723c751e8b465ee728b)
Start importing Assets/POLYGON city pack/Meshes,textures/Shops_FBX/Materials/light_add.mat using Guid(499f15bfbea7b2349b1ba113efe2df98) Importer(815301076,1909f56bfc062723c751e8b465ee728b)  -> (artifact id: 'c084d6c2c5441203e1887a857fed5524') in 0.013344 seconds 
Number of updated asset objects reloaded before import = 0
Number of asset objects unloaded after import = 2
========================================================================
Received Import Request.
  Time since last request: 0.000183 seconds.
  path: Packages/com.unity.render-pipelines.universal/Runtime/Materials/Lit.mat
  artifactKey: Guid(31321ba15b8f8eb4c954353edc038b1d) Importer(815301076,1909f56bfc062723c751e8b465ee728b)
Start importing Packages/com.unity.render-pipelines.universal/Runtime/Materials/Lit.mat using Guid(31321ba15b8f8eb4c954353edc038b1d) Importer(815301076,1909f56bfc062723c751e8b465ee728b)  -> (artifact id: '752f025339722df07580457c4f4b57e9') in 0.013968 seconds 
Number of updated asset objects reloaded before import = 0
Number of asset objects unloaded after import = 1
========================================================================
Received Import Request.
  Time since last request: 0.454638 seconds.
  path: Assets/POLYGON city pack/Meshes,textures/props_FBX/Materials/main_01.mat
  artifactKey: Guid(58b2f3c3f4484f743bcbf89710d8d74f) Importer(815301076,1909f56bfc062723c751e8b465ee728b)
Start importing Assets/POLYGON city pack/Meshes,textures/props_FBX/Materials/main_01.mat using Guid(58b2f3c3f4484f743bcbf89710d8d74f) Importer(815301076,1909f56bfc062723c751e8b465ee728b)  -> (artifact id: '0c5f07663278edf7d13dd686607a0e22') in 0.014421 seconds 
Number of updated asset objects reloaded before import = 0
Number of asset objects unloaded after import = 2
========================================================================
Received Import Request.
  Time since last request: 0.059973 seconds.
  path: Assets/POLYGON city pack/Meshes,textures/Buildings_FBX/Materials/Material.mat
  artifactKey: Guid(1c49441ed8155694da318cf6f3e97e9b) Importer(815301076,1909f56bfc062723c751e8b465ee728b)
Start importing Assets/POLYGON city pack/Meshes,textures/Buildings_FBX/Materials/Material.mat using Guid(1c49441ed8155694da318cf6f3e97e9b) Importer(815301076,1909f56bfc062723c751e8b465ee728b)  -> (artifact id: '905584f6fc12f6c71bc0bd66154a3bfe') in 0.016697 seconds 
Number of updated asset objects reloaded before import = 0
Number of asset objects unloaded after import = 2
========================================================================
Received Import Request.
  Time since last request: 0.000024 seconds.
  path: Assets/Game Design/Prefabs/Objects/Tutorial Objects/ToyCube/Toy Cube.fbx
  artifactKey: Guid(5ca8c2a189a56144aadd0b6ceaee6a5d) Importer(815301076,1909f56bfc062723c751e8b465ee728b)
Start importing Assets/Game Design/Prefabs/Objects/Tutorial Objects/ToyCube/Toy Cube.fbx using Guid(5ca8c2a189a56144aadd0b6ceaee6a5d) Importer(815301076,1909f56bfc062723c751e8b465ee728b)  -> (artifact id: '63b048eb6f52e0caaca0053bef1f5368') in 0.091424 seconds 
Number of updated asset objects reloaded before import = 0
Number of asset objects unloaded after import = 16
========================================================================
Received Import Request.
  Time since last request: 5.466961 seconds.
  path: Assets/POLYGON city pack/Meshes,textures/props_FBX/Materials/light 1 a.002.mat
  artifactKey: Guid(00ce394a25dd83145ba807b6cb9600ad) Importer(815301076,1909f56bfc062723c751e8b465ee728b)
Start importing Assets/POLYGON city pack/Meshes,textures/props_FBX/Materials/light 1 a.002.mat using Guid(00ce394a25dd83145ba807b6cb9600ad) Importer(815301076,1909f56bfc062723c751e8b465ee728b)  -> (artifact id: 'a84a5a82299772df243425ef6224e5e0') in 0.012517 seconds 
Number of updated asset objects reloaded before import = 0
Number of asset objects unloaded after import = 2
========================================================================
Received Import Request.
  Time since last request: 0.303834 seconds.
  path: Assets/POLYGON city pack/Meshes,textures/props_FBX/Materials/light.mat
  artifactKey: Guid(d3841d7a81a2f7d4dbd89b0bb003f7ce) Importer(815301076,1909f56bfc062723c751e8b465ee728b)
Start importing Assets/POLYGON city pack/Meshes,textures/props_FBX/Materials/light.mat using Guid(d3841d7a81a2f7d4dbd89b0bb003f7ce) Importer(815301076,1909f56bfc062723c751e8b465ee728b)  -> (artifact id: '2050cbaad157edc3eb519a765607d67b') in 0.012740 seconds 
Number of updated asset objects reloaded before import = 0
Number of asset objects unloaded after import = 2
========================================================================
Received Import Request.
  Time since last request: 0.028889 seconds.
  path: Assets/TextMesh Pro/Examples & Extras/Resources/Fonts & Materials/LiberationSans SDF - Overlay.mat
  artifactKey: Guid(9ad269c99dcf42b7aedefd83dd5a7b9d) Importer(815301076,1909f56bfc062723c751e8b465ee728b)
Start importing Assets/TextMesh Pro/Examples & Extras/Resources/Fonts & Materials/LiberationSans SDF - Overlay.mat using Guid(9ad269c99dcf42b7aedefd83dd5a7b9d) Importer(815301076,1909f56bfc062723c751e8b465ee728b)  -> (artifact id: 'ae41291fd90ae4db967c066063a06f2c') in 0.042145 seconds 
Number of updated asset objects reloaded before import = 0
Number of asset objects unloaded after import = 3
========================================================================
Received Import Request.
  Time since last request: 0.000033 seconds.
  path: Assets/TextMesh Pro/Examples & Extras/Resources/Fonts & Materials/LiberationSans SDF - Soft Mask.mat
  artifactKey: Guid(42df1c7856584b6b8db9a509b6b10074) Importer(815301076,1909f56bfc062723c751e8b465ee728b)
Start importing Assets/TextMesh Pro/Examples & Extras/Resources/Fonts & Materials/LiberationSans SDF - Soft Mask.mat using Guid(42df1c7856584b6b8db9a509b6b10074) Importer(815301076,1909f56bfc062723c751e8b465ee728b)  -> (artifact id: 'e8ad2d129abe69f0be916b47a4f28ba6') in 0.030517 seconds 
Number of updated asset objects reloaded before import = 0
Number of asset objects unloaded after import = 4
========================================================================
Received Import Request.
  Time since last request: 0.142299 seconds.
  path: Assets/POLYGON city pack/Meshes,textures/props_FBX/Materials/leafes.mat
  artifactKey: Guid(144d0d90c4ed5154b83f6fcbd40b4bbb) Importer(815301076,1909f56bfc062723c751e8b465ee728b)
Start importing Assets/POLYGON city pack/Meshes,textures/props_FBX/Materials/leafes.mat using Guid(144d0d90c4ed5154b83f6fcbd40b4bbb) Importer(815301076,1909f56bfc062723c751e8b465ee728b)  -> (artifact id: 'f45779c312b0d38f86e5e5ca590a8d1c') in 0.013086 seconds 
Number of updated asset objects reloaded before import = 0
Number of asset objects unloaded after import = 2
========================================================================
Received Import Request.
  Time since last request: 0.000021 seconds.
  path: Assets/TextMesh Pro/Resources/Fonts & Materials/LiberationSans SDF - Drop Shadow.mat
  artifactKey: Guid(e73a58f6e2794ae7b1b7e50b7fb811b0) Importer(815301076,1909f56bfc062723c751e8b465ee728b)
Start importing Assets/TextMesh Pro/Resources/Fonts & Materials/LiberationSans SDF - Drop Shadow.mat using Guid(e73a58f6e2794ae7b1b7e50b7fb811b0) Importer(815301076,1909f56bfc062723c751e8b465ee728b)  -> (artifact id: '0f78429ce26dc8db849e1c9dbf8b7414') in 0.096461 seconds 
Number of updated asset objects reloaded before import = 0
Number of asset objects unloaded after import = 3
========================================================================
Received Import Request.
  Time since last request: 2.832031 seconds.
  path: Assets/Office Pack/Models/Keyboard/Keyboard_LOD2.fbx
  artifactKey: Guid(e9d146d4eadf4e94289588bcc9e10e11) Importer(815301076,1909f56bfc062723c751e8b465ee728b)
Start importing Assets/Office Pack/Models/Keyboard/Keyboard_LOD2.fbx using Guid(e9d146d4eadf4e94289588bcc9e10e11) Importer(815301076,1909f56bfc062723c751e8b465ee728b)  -> (artifact id: 'fd89f63bf9db943f193a82972b67b5a0') in 0.081486 seconds 
Number of updated asset objects reloaded before import = 0
Number of asset objects unloaded after import = 27
========================================================================
Received Import Request.
  Time since last request: 0.310825 seconds.
  path: Assets/POLYGON city pack/Materials/Colors_buildings/k12.mat
  artifactKey: Guid(8d50894cec04b584c99d0e15c717bf2e) Importer(815301076,1909f56bfc062723c751e8b465ee728b)
Start importing Assets/POLYGON city pack/Materials/Colors_buildings/k12.mat using Guid(8d50894cec04b584c99d0e15c717bf2e) Importer(815301076,1909f56bfc062723c751e8b465ee728b)  -> (artifact id: '97ac673a5fc18f60cd1dac36958cd316') in 0.012034 seconds 
Number of updated asset objects reloaded before import = 0
Number of asset objects unloaded after import = 2
========================================================================
Received Import Request.
  Time since last request: 2.316301 seconds.
  path: Assets/POLYGON city pack/Materials/Colors_buildings/k5.mat
  artifactKey: Guid(e495abf6588a1b944a3620fd1fee2b07) Importer(815301076,1909f56bfc062723c751e8b465ee728b)
Start importing Assets/POLYGON city pack/Materials/Colors_buildings/k5.mat using Guid(e495abf6588a1b944a3620fd1fee2b07) Importer(815301076,1909f56bfc062723c751e8b465ee728b)  -> (artifact id: '15696ec5947d95e5af382d502a047b0a') in 0.009289 seconds 
Number of updated asset objects reloaded before import = 0
Number of asset objects unloaded after import = 2
========================================================================
Received Import Request.
  Time since last request: 1.819988 seconds.
  path: Assets/Plugins/GameCreator/Installs/Inventory.Items@1.1.5/_Meshes/Ingredient_Spiritus/Ingredient_Spiritus.mat
  artifactKey: Guid(f9afcf6d5a7544fd6948f2230b8583b1) Importer(815301076,1909f56bfc062723c751e8b465ee728b)
Start importing Assets/Plugins/GameCreator/Installs/Inventory.Items@1.1.5/_Meshes/Ingredient_Spiritus/Ingredient_Spiritus.mat using Guid(f9afcf6d5a7544fd6948f2230b8583b1) Importer(815301076,1909f56bfc062723c751e8b465ee728b)  -> (artifact id: '33be4a4b6fcb43ea6ff4ec3315dc1e89') in 0.012396 seconds 
Number of updated asset objects reloaded before import = 0
Number of asset objects unloaded after import = 2
========================================================================
Received Import Request.
  Time since last request: 0.033252 seconds.
  path: Assets/Plugins/GameCreator/Installs/Inventory.Items@1.1.5/_Meshes/Ingredient_Herb_Red/Ingredient_Red.mat
  artifactKey: Guid(08b0d06b7ff9240bba29df238adb1bc9) Importer(815301076,1909f56bfc062723c751e8b465ee728b)
Start importing Assets/Plugins/GameCreator/Installs/Inventory.Items@1.1.5/_Meshes/Ingredient_Herb_Red/Ingredient_Red.mat using Guid(08b0d06b7ff9240bba29df238adb1bc9) Importer(815301076,1909f56bfc062723c751e8b465ee728b)  -> (artifact id: 'c3ff4ad9fc86bd45663586b91996df3c') in 0.014754 seconds 
Number of updated asset objects reloaded before import = 0
Number of asset objects unloaded after import = 3
Editor requested this worker to shutdown with reason: Scaling down because of idle timeout
TcpMessagingSession - receive error: operation aborted. errorcode: 995, details: A operação de E/S foi cancelada devido a uma saída do módulo ou a um pedido da aplicação.
AssetImportWorker is now disconnected from the server
Process exiting
Exiting without the bug reporter. Application will terminate with return code 0