Using pre-set license
Built from '2022.2/staging' branch; Version is '2022.2.5f1 (551d45108343) revision 5578053'; Using compiler version '192829333'; Build Type 'Release'
OS: 'Windows 10  (10.0.19045) 64bit Core' Language: 'pt' Physical Memory: 16273 MB
BatchMode: 1, IsHumanControllingUs: 0, StartBugReporterOnCrash: 0, Is64bit: 1, IsPro: 1

COMMAND LINE ARGUMENTS:
C:\Program Files\Unity\Hub\Editor\2022.2.5f1\Editor\Unity.exe
-adb2
-batchMode
-noUpm
-name
AssetImportWorker1
-projectPath
C:/Users/User/Documents/GitHub/PUI_GAME
-logFile
Logs/AssetImportWorker1.log
-srvPort
50391
Successfully changed project path to: C:/Users/User/Documents/GitHub/PUI_GAME
C:/Users/User/Documents/GitHub/PUI_GAME
[UnityMemory] Configuration Parameters - Can be set up in boot.config
    "memorysetup-bucket-allocator-granularity=16"
    "memorysetup-bucket-allocator-bucket-count=8"
    "memorysetup-bucket-allocator-block-size=33554432"
    "memorysetup-bucket-allocator-block-count=8"
    "memorysetup-main-allocator-block-size=16777216"
    "memorysetup-thread-allocator-block-size=16777216"
    "memorysetup-gfx-main-allocator-block-size=16777216"
    "memorysetup-gfx-thread-allocator-block-size=16777216"
    "memorysetup-cache-allocator-block-size=4194304"
    "memorysetup-typetree-allocator-block-size=2097152"
    "memorysetup-profiler-bucket-allocator-granularity=16"
    "memorysetup-profiler-bucket-allocator-bucket-count=8"
    "memorysetup-profiler-bucket-allocator-block-size=33554432"
    "memorysetup-profiler-bucket-allocator-block-count=8"
    "memorysetup-profiler-allocator-block-size=16777216"
    "memorysetup-profiler-editor-allocator-block-size=1048576"
    "memorysetup-temp-allocator-size-main=16777216"
    "memorysetup-job-temp-allocator-block-size=2097152"
    "memorysetup-job-temp-allocator-block-size-background=1048576"
    "memorysetup-job-temp-allocator-reduction-small-platforms=262144"
    "memorysetup-temp-allocator-size-background-worker=32768"
    "memorysetup-temp-allocator-size-job-worker=262144"
    "memorysetup-temp-allocator-size-preload-manager=33554432"
    "memorysetup-temp-allocator-size-nav-mesh-worker=65536"
    "memorysetup-temp-allocator-size-audio-worker=65536"
    "memorysetup-temp-allocator-size-cloud-worker=32768"
    "memorysetup-temp-allocator-size-gi-baking-worker=262144"
    "memorysetup-temp-allocator-size-gfx=262144"
Player connection [9400] Host "[IP] 192.168.1.2 [Port] 0 [Flags] 2 [Guid] 976017379 [EditorId] 976017379 [Version] 1048832 [Id] WindowsEditor(7,Toshiba) [Debug] 1 [PackageName] WindowsEditor [ProjectName] Editor" joined multi-casting on [225.0.0.222:54997]...

Player connection [9400] Host "[IP] 192.168.1.2 [Port] 0 [Flags] 2 [Guid] 976017379 [EditorId] 976017379 [Version] 1048832 [Id] WindowsEditor(7,Toshiba) [Debug] 1 [PackageName] WindowsEditor [ProjectName] Editor" joined alternative multi-casting on [225.0.0.222:34997]...

Refreshing native plugins compatible for Editor in 24.95 ms, found 3 plugins.
Preloading 0 native plugins for Editor in 0.00 ms.
Initialize engine version: 2022.2.5f1 (551d45108343)
[Subsystems] Discovering subsystems at path C:/Program Files/Unity/Hub/Editor/2022.2.5f1/Editor/Data/Resources/UnitySubsystems
[Subsystems] Discovering subsystems at path C:/Users/User/Documents/GitHub/PUI_GAME/Assets
GfxDevice: creating device client; threaded=0; jobified=0
Direct3D:
    Version:  Direct3D 11.0 [level 11.0]
    Renderer: NVIDIA GeForce GT 640M (ID=0xfd2)
    Vendor:   NVIDIA
    VRAM:     2007 MB
    Driver:   25.21.14.1972
Shader Hidden/ProbeVolume/VoxelizeScene is not supported: GPU does not support conservative rasterization
Initialize mono
Mono path[0] = 'C:/Program Files/Unity/Hub/Editor/2022.2.5f1/Editor/Data/Managed'
Mono path[1] = 'C:/Program Files/Unity/Hub/Editor/2022.2.5f1/Editor/Data/MonoBleedingEdge/lib/mono/unityjit-win32'
Mono config path = 'C:/Program Files/Unity/Hub/Editor/2022.2.5f1/Editor/Data/MonoBleedingEdge/etc'
Using monoOptions --debugger-agent=transport=dt_socket,embedding=1,server=y,suspend=n,address=127.0.0.1:56612
Begin MonoManager ReloadAssembly
Registering precompiled unity dll's ...
Register platform support module: C:/Program Files/Unity/Hub/Editor/2022.2.5f1/Editor/Data/PlaybackEngines/WindowsStandaloneSupport/UnityEditor.WindowsStandalone.Extensions.dll
Registered in 0.015035 seconds.
- Loaded All Assemblies, in  0.591 seconds
Native extension for WindowsStandalone target not found
Mono: successfully reloaded assembly
- Finished resetting the current domain, in  0.467 seconds
Domain Reload Profiling:
	ReloadAssembly (342ms)
		BeginReloadAssembly (134ms)
			ExecutionOrderSort (0ms)
			DisableScriptedObjects (0ms)
			BackupInstance (0ms)
			ReleaseScriptingObjects (0ms)
			CreateAndSetChildDomain (1ms)
		LoadAllAssembliesAndSetupDomain (0ms)
			LoadAssemblies (130ms)
			RebuildTransferFunctionScriptingTraits (0ms)
			SetupTypeCache (234ms)
				TypeCache.Initialize (233ms)
					TypeCache.ScanAssembly (231ms)
				ResolveRequiredComponents (1ms)
		FinalizeReload (0ms)
			ReleaseScriptCaches (0ms)
			RebuildScriptCaches (0ms)
			SetupLoadedEditorAssemblies (364ms)
				LogAssemblyErrors (0ms)
				InitializePlatformSupportModulesInManaged (16ms)
				SetLoadedEditorAssemblies (11ms)
				RefreshPlugins (0ms)
				BeforeProcessingInitializeOnLoad (2ms)
				ProcessInitializeOnLoadAttributes (255ms)
				ProcessInitializeOnLoadMethodAttributes (80ms)
				AfterProcessingInitializeOnLoad (0ms)
				EditorAssembliesLoaded (0ms)
			ExecutionOrderSort2 (0ms)
			AwakeInstancesAfterBackupRestoration (0ms)
========================================================================
Worker process is ready to serve import requests
Begin MonoManager ReloadAssembly
Symbol file LoadedFromMemory doesn't match image C:\Users\User\Documents\GitHub\PUI_GAME\Library\PackageCache\com.unity.visualscripting@1.8.0\Editor\VisualScripting.Core\Dependencies\YamlDotNet\Unity.VisualScripting.YamlDotNet.dll
Symbol file LoadedFromMemory doesn't match image C:\Users\User\Documents\GitHub\PUI_GAME\Library\PackageCache\com.unity.visualscripting@1.8.0\Editor\VisualScripting.Core\Dependencies\DotNetZip\Unity.VisualScripting.IonicZip.dll
- Loaded All Assemblies, in  1.978 seconds
Refreshing native plugins compatible for Editor in 6.81 ms, found 3 plugins.
Native extension for WindowsStandalone target not found
[MODES] ModeService[none].Initialize
[MODES] ModeService[none].LoadModes
[MODES] Loading mode Default (0) for mode-current-id-PUI ASSIGNMENT #2
Mono: successfully reloaded assembly
- Finished resetting the current domain, in  1.990 seconds
Domain Reload Profiling:
	ReloadAssembly (405ms)
		BeginReloadAssembly (205ms)
			ExecutionOrderSort (0ms)
			DisableScriptedObjects (10ms)
			BackupInstance (0ms)
			ReleaseScriptingObjects (1ms)
			CreateAndSetChildDomain (33ms)
		LoadAllAssembliesAndSetupDomain (1566ms)
			LoadAssemblies (473ms)
			RebuildTransferFunctionScriptingTraits (0ms)
			SetupTypeCache (1168ms)
				TypeCache.Initialize (606ms)
					TypeCache.ScanAssembly (597ms)
				ResolveRequiredComponents (25ms)
		FinalizeReload (0ms)
			ReleaseScriptCaches (0ms)
			RebuildScriptCaches (0ms)
			SetupLoadedEditorAssemblies (1659ms)
				LogAssemblyErrors (0ms)
				InitializePlatformSupportModulesInManaged (11ms)
				SetLoadedEditorAssemblies (6ms)
				RefreshPlugins (0ms)
				BeforeProcessingInitializeOnLoad (156ms)
				ProcessInitializeOnLoadAttributes (886ms)
				ProcessInitializeOnLoadMethodAttributes (584ms)
				AfterProcessingInitializeOnLoad (14ms)
				EditorAssembliesLoaded (0ms)
			ExecutionOrderSort2 (0ms)
			AwakeInstancesAfterBackupRestoration (10ms)
Shader Hidden/ProbeVolume/VoxelizeScene is not supported: GPU does not support conservative rasterization
Launched and connected shader compiler UnityShaderCompiler.exe after 0.05 seconds
Refreshing native plugins compatible for Editor in 6.70 ms, found 3 plugins.
Preloading 0 native plugins for Editor in 0.00 ms.
Unloading 8594 Unused Serialized files (Serialized files now loaded: 0)
Unloading 31 unused Assets / (364.1 KB). Loaded Objects now: 9081.
Memory consumption went from 1.36 GB to 1.36 GB.
Total: 15.965600 ms (FindLiveObjects: 2.143700 ms CreateObjectMapping: 1.998700 ms MarkObjects: 11.162700 ms  DeleteObjects: 0.658300 ms)

AssetImportParameters requested are different than current active one (requested -> active):
  custom:container-demuxer-ogg: 62fdf1f143b41e24485cea50d1cbac27 -> 
  custom:framework-win-MediaFoundation: 216162199b28c13a410421893ffa2e32 -> 
  custom:container-muxer-webm: aa71ff27fc2769a1b78a27578f13a17b -> 
  custom:video-decoder-webm-vp8: 9c59270c3fd7afecdb556c50c9e8de78 -> 
  custom:AudioImporter_EditorPlatform: d09bf68614088b80899f8185d706f6e7 -> 
  custom:audio-decoder-ogg-vorbis: bf7c407c2cedff20999df2af8eb42d56 -> 
  custom:audio-encoder-webm-vorbis: bf7c407c2cedff20999df2af8eb42d56 -> 
  custom:video-decoder-ogg-theora: a1e56fd34408186e4bbccfd4996cb3dc -> 
  custom:container-demuxer-webm: 4f35f7cbe854078d1ac9338744f61a02 -> 
  custom:video-encoder-webm-vp8: eb34c28f22e8b96e1ab97ce403110664 -> 
========================================================================
Received Import Request.
  Time since last request: 3420.056245 seconds.
  path: Assets/POLYGON city pack/Meshes,textures/traffic signs FBX/traffic sign 6.png
  artifactKey: Guid(346e900c6460e81489178bc5ccdb8702) Importer(815301076,1909f56bfc062723c751e8b465ee728b)
Start importing Assets/POLYGON city pack/Meshes,textures/traffic signs FBX/traffic sign 6.png using Guid(346e900c6460e81489178bc5ccdb8702) Importer(815301076,1909f56bfc062723c751e8b465ee728b)  -> (artifact id: '2d2af142fb41d69b6a4b655bd4437a3e') in 0.102168 seconds 
Number of updated asset objects reloaded before import = 0
Number of asset objects unloaded after import = 2
========================================================================
Received Import Request.
  Time since last request: 72.826153 seconds.
  path: Assets/POLYGON city pack/Meshes,textures/props_FBX/traffic_warning_stand.fbx
  artifactKey: Guid(dff570513d335cf45b713cacfeec9873) Importer(815301076,1909f56bfc062723c751e8b465ee728b)
Start importing Assets/POLYGON city pack/Meshes,textures/props_FBX/traffic_warning_stand.fbx using Guid(dff570513d335cf45b713cacfeec9873) Importer(815301076,1909f56bfc062723c751e8b465ee728b)  -> (artifact id: '03355b6352a513b3c8220f2e7e960480') in 0.626769 seconds 
Number of updated asset objects reloaded before import = 0
Number of asset objects unloaded after import = 10
========================================================================
Received Import Request.
  Time since last request: 0.000033 seconds.
  path: Assets/POLYGON city pack/Meshes,textures/props_FBX/Traffic_light_1.fbx
  artifactKey: Guid(9033dc81a0516da478985789f12c40b5) Importer(815301076,1909f56bfc062723c751e8b465ee728b)
Start importing Assets/POLYGON city pack/Meshes,textures/props_FBX/Traffic_light_1.fbx using Guid(9033dc81a0516da478985789f12c40b5) Importer(815301076,1909f56bfc062723c751e8b465ee728b)  -> (artifact id: '53f1a969b33f26871202ddc4dd4f0cf4') in 0.051814 seconds 
Number of updated asset objects reloaded before import = 0
Number of asset objects unloaded after import = 16
========================================================================
Received Import Request.
  Time since last request: 11.859556 seconds.
  path: Assets/Plugins/GameCreator/Installs/Inventory.Items@1.1.5/_Textures/Categories/Consumable.png
  artifactKey: Guid(b451877fccf4d4bb8944afcb356506c5) Importer(815301076,1909f56bfc062723c751e8b465ee728b)
Start importing Assets/Plugins/GameCreator/Installs/Inventory.Items@1.1.5/_Textures/Categories/Consumable.png using Guid(b451877fccf4d4bb8944afcb356506c5) Importer(815301076,1909f56bfc062723c751e8b465ee728b)  -> (artifact id: 'be3621b12a345ad09177192d266e0188') in 0.040859 seconds 
Number of updated asset objects reloaded before import = 0
Number of asset objects unloaded after import = 3
========================================================================
Received Import Request.
  Time since last request: 0.000030 seconds.
  path: Assets/Plugins/GameCreator/Packages/Core/Editor/Common/Documentation/Styles/Documentation.uss
  artifactKey: Guid(23ce760b07117483ba377f3ce13a0996) Importer(815301076,1909f56bfc062723c751e8b465ee728b)
Start importing Assets/Plugins/GameCreator/Packages/Core/Editor/Common/Documentation/Styles/Documentation.uss using Guid(23ce760b07117483ba377f3ce13a0996) Importer(815301076,1909f56bfc062723c751e8b465ee728b)  -> (artifact id: '9bbe327bfd91a4324d6a1ce393bc4a12') in 0.017382 seconds 
Number of updated asset objects reloaded before import = 0
Number of asset objects unloaded after import = 1
========================================================================
Received Import Request.
  Time since last request: 0.000048 seconds.
  path: Assets/Plugins/GameCreator/Installs/Inventory.Items@1.1.5/_Categories/Consumable.asset
  artifactKey: Guid(665d41b4092f3489cb6e5864907aec6d) Importer(815301076,1909f56bfc062723c751e8b465ee728b)
Start importing Assets/Plugins/GameCreator/Installs/Inventory.Items@1.1.5/_Categories/Consumable.asset using Guid(665d41b4092f3489cb6e5864907aec6d) Importer(815301076,1909f56bfc062723c751e8b465ee728b)  -> (artifact id: '817b4767eef4fe4fab67635f0e007c5b') in 0.008568 seconds 
Number of updated asset objects reloaded before import = 0
Number of asset objects unloaded after import = 2
========================================================================
Received Import Request.
  Time since last request: 2.250300 seconds.
  path: Assets/PolygonKids/Models/SM_Prop_Umbrella_01_Open_Convex.asset
  artifactKey: Guid(7fa3faa14a1b3784eb8450f06fcb8a86) Importer(815301076,1909f56bfc062723c751e8b465ee728b)
Start importing Assets/PolygonKids/Models/SM_Prop_Umbrella_01_Open_Convex.asset using Guid(7fa3faa14a1b3784eb8450f06fcb8a86) Importer(815301076,1909f56bfc062723c751e8b465ee728b)  -> (artifact id: '48fb170d90ffd51f62ca12a6adeb3ef4') in 0.002890 seconds 
Number of updated asset objects reloaded before import = 0
Number of asset objects unloaded after import = 1
========================================================================
Received Import Request.
  Time since last request: 0.000320 seconds.
  path: Assets/PolygonKids/Models/SM_Prop_Umbrella_02_Open.fbx
  artifactKey: Guid(684ba7abc8632694f959511546e2a550) Importer(815301076,1909f56bfc062723c751e8b465ee728b)
Start importing Assets/PolygonKids/Models/SM_Prop_Umbrella_02_Open.fbx using Guid(684ba7abc8632694f959511546e2a550) Importer(815301076,1909f56bfc062723c751e8b465ee728b)  -> (artifact id: 'c50c892836ae7e6dd75e580df6a6a508') in 0.024499 seconds 
Number of updated asset objects reloaded before import = 0
Number of asset objects unloaded after import = 8
========================================================================
Received Import Request.
  Time since last request: 0.000032 seconds.
  path: Assets/PolygonKids/Models/SM_Prop_Umbrella_02_Open_Convex.asset
  artifactKey: Guid(0433f6173b5c2b148af137bf92937082) Importer(815301076,1909f56bfc062723c751e8b465ee728b)
Start importing Assets/PolygonKids/Models/SM_Prop_Umbrella_02_Open_Convex.asset using Guid(0433f6173b5c2b148af137bf92937082) Importer(815301076,1909f56bfc062723c751e8b465ee728b)  -> (artifact id: '2e9eb7bb8d841be6b6cced7b169c568d') in 0.002615 seconds 
Number of updated asset objects reloaded before import = 0
Number of asset objects unloaded after import = 1
========================================================================
Received Import Request.
  Time since last request: 0.000031 seconds.
  path: Assets/PolygonKids/Models/SM_Prop_Umbrella_03_Closed.fbx
  artifactKey: Guid(53f298dc14244404fa944dd0b39260d0) Importer(815301076,1909f56bfc062723c751e8b465ee728b)
Start importing Assets/PolygonKids/Models/SM_Prop_Umbrella_03_Closed.fbx using Guid(53f298dc14244404fa944dd0b39260d0) Importer(815301076,1909f56bfc062723c751e8b465ee728b)  -> (artifact id: '32d8a6641c0c7bfdab8f2be6dcaf876f') in 0.042979 seconds 
Number of updated asset objects reloaded before import = 0
Number of asset objects unloaded after import = 8
========================================================================
Received Import Request.
  Time since last request: 0.000027 seconds.
  path: Assets/PolygonKids/Models/SM_Prop_Umbrella_04_Closed.fbx
  artifactKey: Guid(8b98225e7fb0b5844bcd5690d658efbd) Importer(815301076,1909f56bfc062723c751e8b465ee728b)
Start importing Assets/PolygonKids/Models/SM_Prop_Umbrella_04_Closed.fbx using Guid(8b98225e7fb0b5844bcd5690d658efbd) Importer(815301076,1909f56bfc062723c751e8b465ee728b)  -> (artifact id: '15dd4f727ab42d1181e68e39aee05d51') in 0.028406 seconds 
Number of updated asset objects reloaded before import = 0
Number of asset objects unloaded after import = 8
